<?xml version="1.0" encoding="UTF-8"?>
<!-- Generated by org.testng.reporters.JUnitXMLReporter -->
<testsuite ignored="0" hostname="Shree-PC" failures="0" tests="5" name="Test2" time="0.101" errors="0" timestamp="2024-02-16T12:54:17 IST">
  <testcase classname="BatchTest.PaymentTest" name="CashOnDelivery" time="0.011"/>
  <testcase classname="BatchTest.PaymentTest" name="NetBanking" time="0.005"/>
  <testcase classname="BatchTest.ProductPageTest" name="AddProductToCart" time="0.006"/>
  <testcase classname="BatchTest.ProductPageTest" name="AddProductToWishList" time="0.022"/>
  <testcase classname="BatchTest.ProductPageTest" name="SelectQuantity" time="0.002"/>
</testsuite> <!-- Test2 -->
