<?xml version="1.0" encoding="UTF-8"?>
<!-- Generated by org.testng.reporters.JUnitXMLReporter -->
<testsuite ignored="0" hostname="Shree-PC" failures="2" tests="9" name="Test" time="0.168" errors="0" timestamp="2024-02-18T02:06:25 IST">
  <testcase classname="RetryFailedTestCase.TestCaseExample" name="TestCase01" time="0.015">
    <skipped/>
  </testcase> <!-- TestCase01 -->
  <testcase classname="RetryFailedTestCase.TestCaseExample" name="TestCase01" time="0.003">
    <skipped/>
  </testcase> <!-- TestCase01 -->
  <testcase classname="RetryFailedTestCase.TestCaseExample" name="TestCase01" time="0.012">
    <skipped/>
  </testcase> <!-- TestCase01 -->
  <testcase classname="RetryFailedTestCase.TestCaseExample" name="TestCase01" time="0.004">
    <failure type="junit.framework.AssertionFailedError">
      <![CDATA[junit.framework.AssertionFailedError
at junit.framework.Assert.fail(Assert.java:47)
at junit.framework.Assert.assertTrue(Assert.java:20)
at junit.framework.Assert.assertTrue(Assert.java:27)
at RetryFailedTestCase.TestCaseExample.TestCase01(TestCaseExample.java:12)
at java.base/java.util.ArrayList.forEach(ArrayList.java:1511)
... Removed 27 stack frames]]>
    </failure>
  </testcase> <!-- TestCase01 -->
  <testcase classname="RetryFailedTestCase.TestCaseExample" name="TestCase02" time="0.002">
    <skipped/>
  </testcase> <!-- TestCase02 -->
  <testcase classname="RetryFailedTestCase.TestCaseExample" name="TestCase02" time="0.008">
    <skipped/>
  </testcase> <!-- TestCase02 -->
  <testcase classname="RetryFailedTestCase.TestCaseExample" name="TestCase02" time="0.006">
    <skipped/>
  </testcase> <!-- TestCase02 -->
  <testcase classname="RetryFailedTestCase.TestCaseExample" name="TestCase02" time="0.002">
    <failure type="junit.framework.AssertionFailedError">
      <![CDATA[junit.framework.AssertionFailedError
at junit.framework.Assert.fail(Assert.java:47)
at junit.framework.Assert.assertTrue(Assert.java:20)
at junit.framework.Assert.assertTrue(Assert.java:27)
at RetryFailedTestCase.TestCaseExample.TestCase02(TestCaseExample.java:18)
at java.base/java.util.ArrayList.forEach(ArrayList.java:1511)
... Removed 27 stack frames]]>
    </failure>
  </testcase> <!-- TestCase02 -->
  <testcase classname="RetryFailedTestCase.TestCaseExample" name="TestCase03" time="0.004"/>
</testsuite> <!-- Test -->
