<?xml version="1.0" encoding="UTF-8"?>
<!-- Generated by org.testng.reporters.JUnitXMLReporter -->
<testsuite ignored="0" hostname="Shree-PC" failures="0" tests="5" name="functional" time="0.129" errors="0" timestamp="2024-02-16T12:09:18 IST">
  <testcase classname="BatchTest.ProductPageTest" name="AddProductToCart" time="0.013"/>
  <testcase classname="BatchTest.ProductPageTest" name="AddProductToWishList" time="0.003"/>
  <testcase classname="BatchTest.ProductPageTest" name="SelectQuantity" time="0.004"/>
  <testcase classname="BatchTest.PaymentTest" name="CashOnDelivery" time="0.003"/>
  <testcase classname="BatchTest.PaymentTest" name="NetBanking" time="0.003"/>
</testsuite> <!-- functional -->
