<?xml version="1.0" encoding="UTF-8"?>
<!-- Generated by org.testng.reporters.JUnitXMLReporter -->
<testsuite ignored="1" hostname="Shree-PC" failures="2" tests="2" name="Test(failed)" time="0.107" errors="0" timestamp="2024-02-17T23:38:16 IST">
  <testcase classname="RetryFailedTestCase.TestCaseExample" name="TestCase02" time="0.014">
    <failure type="junit.framework.AssertionFailedError">
      <![CDATA[junit.framework.AssertionFailedError
at junit.framework.Assert.fail(Assert.java:47)
at junit.framework.Assert.assertTrue(Assert.java:20)
at junit.framework.Assert.assertTrue(Assert.java:27)
at RetryFailedTestCase.TestCaseExample.TestCase02(TestCaseExample.java:18)
at java.base/java.util.ArrayList.forEach(ArrayList.java:1511)
... Removed 27 stack frames]]>
    </failure>
  </testcase> <!-- TestCase02 -->
  <testcase classname="RetryFailedTestCase.TestCaseExample" name="TestCase01" time="0.002">
    <failure type="junit.framework.AssertionFailedError">
      <![CDATA[junit.framework.AssertionFailedError
at junit.framework.Assert.fail(Assert.java:47)
at junit.framework.Assert.assertTrue(Assert.java:20)
at junit.framework.Assert.assertTrue(Assert.java:27)
at RetryFailedTestCase.TestCaseExample.TestCase01(TestCaseExample.java:12)
at java.base/java.util.ArrayList.forEach(ArrayList.java:1511)
... Removed 27 stack frames]]>
    </failure>
  </testcase> <!-- TestCase01 -->
  <testcase classname="RetryFailedTestCase.TestCaseExample" name="TestCase03" time="0.0">
    <ignored/>
  </testcase> <!-- TestCase03 -->
</testsuite> <!-- Test(failed) -->
