<?xml version="1.0" encoding="UTF-8"?>
<!-- Generated by org.testng.reporters.JUnitXMLReporter -->
<testsuite ignored="0" hostname="Shree-PC" failures="0" tests="5" name="Test1" time="0.122" errors="0" timestamp="2024-02-16T12:53:30 IST">
  <testcase classname="BatchTest.HomeScreenTest" name="LaunchApplication" time="0.012"/>
  <testcase classname="BatchTest.HomeScreenTest" name="VerifyLogin" time="0.004"/>
  <testcase classname="BatchTest.HomeScreenTest" name="VerifyTitle" time="0.003"/>
  <testcase classname="BatchTest.LoginTest" name="LoginByEmail" time="0.005"/>
  <testcase classname="BatchTest.LoginTest" name="LoginByMobileNumber" time="0.003"/>
</testsuite> <!-- Test1 -->
